Started GET "/articles/new" for 127.0.0.1 at 2018-04-09 18:01:38 -0700
  
ActiveRecord::PendingMigrationError (

Migrations are pending. To resolve this issue, run:

        bin/rails db:migrate RAILS_ENV=development

):
  
activerecord (5.1.6) lib/active_record/migration.rb:576:in `check_pending!'
activerecord (5.1.6) lib/active_record/migration.rb:553:in `call'
actionpack (5.1.6) lib/action_dispatch/middleware/callbacks.rb:26:in `block in call'
activesupport (5.1.6) lib/active_support/callbacks.rb:97:in `run_callbacks'
actionpack (5.1.6) lib/action_dispatch/middleware/callbacks.rb:24:in `call'
actionpack (5.1.6) lib/action_dispatch/middleware/executor.rb:12:in `call'
actionpack (5.1.6) lib/action_dispatch/middleware/debug_exceptions.rb:59:in `call'
web-console (3.5.1) lib/web_console/middleware.rb:135:in `call_app'
web-console (3.5.1) lib/web_console/middleware.rb:28:in `block in call'
web-console (3.5.1) lib/web_console/middleware.rb:18:in `catch'
web-console (3.5.1) lib/web_console/middleware.rb:18:in `call'
actionpack (5.1.6) lib/action_dispatch/middleware/show_exceptions.rb:31:in `call'
railties (5.1.6) lib/rails/rack/logger.rb:36:in `call_app'
railties (5.1.6) lib/rails/rack/logger.rb:24:in `block in call'
activesupport (5.1.6) lib/active_support/tagged_logging.rb:69:in `block in tagged'
activesupport (5.1.6) lib/active_support/tagged_logging.rb:26:in `tagged'
activesupport (5.1.6) lib/active_support/tagged_logging.rb:69:in `tagged'
railties (5.1.6) lib/rails/rack/logger.rb:24:in `call'
sprockets-rails (3.2.1) lib/sprockets/rails/quiet_assets.rb:13:in `call'
actionpack (5.1.6) lib/action_dispatch/middleware/remote_ip.rb:79:in `call'
actionpack (5.1.6) lib/action_dispatch/middleware/request_id.rb:25:in `call'
rack (2.0.4) lib/rack/method_override.rb:22:in `call'
rack (2.0.4) lib/rack/runtime.rb:22:in `call'
activesupport (5.1.6) lib/active_support/cache/strategy/local_cache_middleware.rb:27:in `call'
actionpack (5.1.6) lib/action_dispatch/middleware/executor.rb:12:in `call'
actionpack (5.1.6) lib/action_dispatch/middleware/static.rb:125:in `call'
rack (2.0.4) lib/rack/sendfile.rb:111:in `call'
railties (5.1.6) lib/rails/engine.rb:522:in `call'
puma (3.11.3) lib/puma/configuration.rb:225:in `call'
puma (3.11.3) lib/puma/server.rb:624:in `handle_request'
puma (3.11.3) lib/puma/server.rb:438:in `process_client'
puma (3.11.3) lib/puma/server.rb:302:in `block in run'
puma (3.11.3) lib/puma/thread_pool.rb:120:in `block in spawn_thread'
Started GET "/articles/new" for 127.0.0.1 at 2018-04-09 18:02:39 -0700
  
LoadError (cannot load such file -- /Users/elliotstrongnewmbp/Desktop/Ruby/rails/TS_HD/config/routes.rb):
  
activesupport (5.1.6) lib/active_support/dependencies.rb:286:in `load'
activesupport (5.1.6) lib/active_support/dependencies.rb:286:in `block in load'
activesupport (5.1.6) lib/active_support/dependencies.rb:258:in `load_dependency'
activesupport (5.1.6) lib/active_support/dependencies.rb:286:in `load'
railties (5.1.6) lib/rails/application/routes_reloader.rb:55:in `block in load_paths'
railties (5.1.6) lib/rails/application/routes_reloader.rb:55:in `each'
railties (5.1.6) lib/rails/application/routes_reloader.rb:55:in `load_paths'
railties (5.1.6) lib/rails/application/routes_reloader.rb:18:in `reload!'
railties (5.1.6) lib/rails/application/routes_reloader.rb:41:in `block in updater'
activesupport (5.1.6) lib/active_support/file_update_checker.rb:81:in `execute'
railties (5.1.6) lib/rails/application/routes_reloader.rb:25:in `execute'
railties (5.1.6) lib/rails/application/finisher.rb:141:in `block (2 levels) in <module:Finisher>'
activesupport (5.1.6) lib/active_support/callbacks.rb:413:in `instance_exec'
activesupport (5.1.6) lib/active_support/callbacks.rb:413:in `block in make_lambda'
activesupport (5.1.6) lib/active_support/callbacks.rb:197:in `block (2 levels) in halting'
activesupport (5.1.6) lib/active_support/callbacks.rb:601:in `block (2 levels) in default_terminator'
activesupport (5.1.6) lib/active_support/callbacks.rb:600:in `catch'
activesupport (5.1.6) lib/active_support/callbacks.rb:600:in `block in default_terminator'
activesupport (5.1.6) lib/active_support/callbacks.rb:198:in `block in halting'
activesupport (5.1.6) lib/active_support/callbacks.rb:507:in `block in invoke_before'
activesupport (5.1.6) lib/active_support/callbacks.rb:507:in `each'
activesupport (5.1.6) lib/active_support/callbacks.rb:507:in `invoke_before'
activesupport (5.1.6) lib/active_support/callbacks.rb:130:in `run_callbacks'
activesupport (5.1.6) lib/active_support/execution_wrapper.rb:108:in `run!'
activesupport (5.1.6) lib/active_support/reloader.rb:113:in `run!'
activesupport (5.1.6) lib/active_support/execution_wrapper.rb:70:in `block in run!'
activesupport (5.1.6) lib/active_support/execution_wrapper.rb:67:in `tap'
activesupport (5.1.6) lib/active_support/execution_wrapper.rb:67:in `run!'
activesupport (5.1.6) lib/active_support/reloader.rb:59:in `run!'
actionpack (5.1.6) lib/action_dispatch/middleware/executor.rb:10:in `call'
actionpack (5.1.6) lib/action_dispatch/middleware/debug_exceptions.rb:59:in `call'
web-console (3.5.1) lib/web_console/middleware.rb:135:in `call_app'
web-console (3.5.1) lib/web_console/middleware.rb:28:in `block in call'
web-console (3.5.1) lib/web_console/middleware.rb:18:in `catch'
web-console (3.5.1) lib/web_console/middleware.rb:18:in `call'
actionpack (5.1.6) lib/action_dispatch/middleware/show_exceptions.rb:31:in `call'
railties (5.1.6) lib/rails/rack/logger.rb:36:in `call_app'
railties (5.1.6) lib/rails/rack/logger.rb:24:in `block in call'
activesupport (5.1.6) lib/active_support/tagged_logging.rb:69:in `block in tagged'
activesupport (5.1.6) lib/active_support/tagged_logging.rb:26:in `tagged'
activesupport (5.1.6) lib/active_support/tagged_logging.rb:69:in `tagged'
railties (5.1.6) lib/rails/rack/logger.rb:24:in `call'
sprockets-rails (3.2.1) lib/sprockets/rails/quiet_assets.rb:13:in `call'
actionpack (5.1.6) lib/action_dispatch/middleware/remote_ip.rb:79:in `call'
actionpack (5.1.6) lib/action_dispatch/middleware/request_id.rb:25:in `call'
rack (2.0.4) lib/rack/method_override.rb:22:in `call'
rack (2.0.4) lib/rack/runtime.rb:22:in `call'
activesupport (5.1.6) lib/active_support/cache/strategy/local_cache_middleware.rb:27:in `call'
actionpack (5.1.6) lib/action_dispatch/middleware/executor.rb:12:in `call'
actionpack (5.1.6) lib/action_dispatch/middleware/static.rb:125:in `call'
rack (2.0.4) lib/rack/sendfile.rb:111:in `call'
railties (5.1.6) lib/rails/engine.rb:522:in `call'
puma (3.11.3) lib/puma/configuration.rb:225:in `call'
puma (3.11.3) lib/puma/server.rb:624:in `handle_request'
puma (3.11.3) lib/puma/server.rb:438:in `process_client'
puma (3.11.3) lib/puma/server.rb:302:in `block in run'
puma (3.11.3) lib/puma/thread_pool.rb:120:in `block in spawn_thread'
  [1m[35m (0.1ms)[0m  [1m[34mSELECT sqlite_version(*)[0m
  [1m[35m (1.1ms)[0m  [1m[35mCREATE TABLE "schema_migrations" ("version" varchar NOT NULL PRIMARY KEY)[0m
  [1m[35m (1.1ms)[0m  [1m[35mCREATE TABLE "ar_internal_metadata" ("key" varchar NOT NULL PRIMARY KEY, "value" varchar, "created_at" datetime NOT NULL, "updated_at" datetime NOT NULL)[0m
  [1m[35m (0.1ms)[0m  [1m[34mSELECT "schema_migrations"."version" FROM "schema_migrations" ORDER BY "schema_migrations"."version" ASC[0m
Migrating to CreateArticles (20180405223309)
  [1m[35m (0.0ms)[0m  [1m[36mbegin transaction[0m
  [1m[35m (0.3ms)[0m  [1m[35mCREATE TABLE "articles" ("id" INTEGER PRIMARY KEY AUTOINCREMENT NOT NULL, "title" varchar, "user" varchar, "tech" varchar, "descrtion" text, "resolution" text, "catagory" varchar, "created_at" datetime NOT NULL, "updated_at" datetime NOT NULL)[0m
  [1m[35mSQL (0.1ms)[0m  [1m[32mINSERT INTO "schema_migrations" ("version") VALUES (?)[0m  [["version", "20180405223309"]]
  [1m[35m (0.7ms)[0m  [1m[36mcommit transaction[0m
Migrating to CreateComments (20180407155842)
  [1m[35m (0.0ms)[0m  [1m[36mbegin transaction[0m
  [1m[35m (0.3ms)[0m  [1m[35mCREATE TABLE "comments" ("id" INTEGER PRIMARY KEY AUTOINCREMENT NOT NULL, "author_name" varchar, "body" text, "article_id" integer, "created_at" datetime NOT NULL, "updated_at" datetime NOT NULL, CONSTRAINT "fk_rails_3bf61a60d3"
FOREIGN KEY ("article_id")
  REFERENCES "articles" ("id")
)[0m
  [1m[35m (0.1ms)[0m  [1m[35mCREATE  INDEX "index_comments_on_article_id" ON "comments" ("article_id")[0m
  [1m[35mSQL (0.1ms)[0m  [1m[32mINSERT INTO "schema_migrations" ("version") VALUES (?)[0m  [["version", "20180407155842"]]
  [1m[35m (0.7ms)[0m  [1m[36mcommit transaction[0m
Migrating to CreateTags (20180407192217)
  [1m[35m (0.0ms)[0m  [1m[36mbegin transaction[0m
  [1m[35m (0.2ms)[0m  [1m[35mCREATE TABLE "tags" ("id" INTEGER PRIMARY KEY AUTOINCREMENT NOT NULL, "name" varchar, "created_at" datetime NOT NULL, "updated_at" datetime NOT NULL)[0m
  [1m[35mSQL (0.1ms)[0m  [1m[32mINSERT INTO "schema_migrations" ("version") VALUES (?)[0m  [["version", "20180407192217"]]
  [1m[35m (0.8ms)[0m  [1m[36mcommit transaction[0m
Migrating to CreateTaggings (20180407192235)
  [1m[35m (0.0ms)[0m  [1m[36mbegin transaction[0m
  [1m[35m (0.2ms)[0m  [1m[35mCREATE TABLE "taggings" ("id" INTEGER PRIMARY KEY AUTOINCREMENT NOT NULL, "tag_id" integer, "article_id" integer, "created_at" datetime NOT NULL, "updated_at" datetime NOT NULL, CONSTRAINT "fk_rails_9fcd2e236b"
FOREIGN KEY ("tag_id")
  REFERENCES "tags" ("id")
, CONSTRAINT "fk_rails_50f62c287b"
FOREIGN KEY ("article_id")
  REFERENCES "articles" ("id")
)[0m
  [1m[35m (0.1ms)[0m  [1m[35mCREATE  INDEX "index_taggings_on_tag_id" ON "taggings" ("tag_id")[0m
  [1m[35m (0.1ms)[0m  [1m[34m            SELECT sql
            FROM sqlite_master
            WHERE name='index_taggings_on_tag_id' AND type='index'
            UNION ALL
            SELECT sql
            FROM sqlite_temp_master
            WHERE name='index_taggings_on_tag_id' AND type='index'
[0m
  [1m[35m (0.1ms)[0m  [1m[35mCREATE  INDEX "index_taggings_on_article_id" ON "taggings" ("article_id")[0m
  [1m[35mSQL (0.1ms)[0m  [1m[32mINSERT INTO "schema_migrations" ("version") VALUES (?)[0m  [["version", "20180407192235"]]
  [1m[35m (0.7ms)[0m  [1m[36mcommit transaction[0m
Migrating to AddPaperclipFieldsToArticle (20180409233644)
  [1m[35m (0.0ms)[0m  [1m[36mbegin transaction[0m
  [1m[35m (0.3ms)[0m  [1m[35mALTER TABLE "articles" ADD "image_file_name" varchar[0m
  [1m[35m (0.1ms)[0m  [1m[35mALTER TABLE "articles" ADD "image_content_type" varchar[0m
  [1m[35m (0.1ms)[0m  [1m[35mALTER TABLE "articles" ADD "image_file_size" integer[0m
  [1m[35m (0.1ms)[0m  [1m[35mALTER TABLE "articles" ADD "image_updated_at" datetime[0m
  [1m[35mSQL (0.1ms)[0m  [1m[32mINSERT INTO "schema_migrations" ("version") VALUES (?)[0m  [["version", "20180409233644"]]
  [1m[35m (0.7ms)[0m  [1m[36mcommit transaction[0m
  [1m[36mActiveRecord::InternalMetadata Load (0.1ms)[0m  [1m[34mSELECT  "ar_internal_metadata".* FROM "ar_internal_metadata" WHERE "ar_internal_metadata"."key" = ? LIMIT ?[0m  [["key", "environment"], ["LIMIT", 1]]
  [1m[35m (0.0ms)[0m  [1m[36mbegin transaction[0m
  [1m[35mSQL (0.2ms)[0m  [1m[32mINSERT INTO "ar_internal_metadata" ("key", "value", "created_at", "updated_at") VALUES (?, ?, ?, ?)[0m  [["key", "environment"], ["value", "development"], ["created_at", "2018-04-10 01:03:22.138543"], ["updated_at", "2018-04-10 01:03:22.138543"]]
  [1m[35m (0.7ms)[0m  [1m[36mcommit transaction[0m
  [1m[35m (0.1ms)[0m  [1m[34mSELECT "schema_migrations"."version" FROM "schema_migrations" ORDER BY "schema_migrations"."version" ASC[0m
  [1m[35m (0.1ms)[0m  [1m[34m            SELECT sql
            FROM sqlite_master
            WHERE name='index_comments_on_article_id' AND type='index'
            UNION ALL
            SELECT sql
            FROM sqlite_temp_master
            WHERE name='index_comments_on_article_id' AND type='index'
[0m
  [1m[35m (0.1ms)[0m  [1m[34m            SELECT sql
            FROM sqlite_master
            WHERE name='index_taggings_on_article_id' AND type='index'
            UNION ALL
            SELECT sql
            FROM sqlite_temp_master
            WHERE name='index_taggings_on_article_id' AND type='index'
[0m
  [1m[35m (0.1ms)[0m  [1m[34m            SELECT sql
            FROM sqlite_master
            WHERE name='index_taggings_on_tag_id' AND type='index'
            UNION ALL
            SELECT sql
            FROM sqlite_temp_master
            WHERE name='index_taggings_on_tag_id' AND type='index'
[0m
Started GET "/articles/new" for 127.0.0.1 at 2018-04-09 18:03:28 -0700
  [1m[35m (0.1ms)[0m  [1m[34mSELECT "schema_migrations"."version" FROM "schema_migrations" ORDER BY "schema_migrations"."version" ASC[0m
Processing by ArticlesController#new as HTML
  Rendering articles/new.html.erb within layouts/application
  Rendered articles/_form.html.erb (34.3ms)
  Rendered articles/new.html.erb within layouts/application (37.0ms)
Completed 200 OK in 381ms (Views: 357.0ms | ActiveRecord: 0.6ms)


Started POST "/articles" for 127.0.0.1 at 2018-04-09 18:03:39 -0700
Processing by ArticlesController#create as HTML
  Parameters: {"utf8"=>"✓", "authenticity_token"=>"Ay+Iszdqwe1kMxwnx+0hXVErSC0UVlinqJCffdZTDlkuJWXVZlo2SOAzD2vJYA2HWZmncvMT6AIsSu9hgnHhVA==", "article"=>{"title"=>"", "user"=>"", "tech"=>"", "descrtion"=>"", "resolution"=>"", "catagory"=>"", "tag_list"=>"", "image"=>#<ActionDispatch::Http::UploadedFile:0x007fd2d28890a8 @tempfile=#<Tempfile:/var/folders/sf/wpychm8n0bn891ym1wbp2k0c0000gn/T/RackMultipart20180409-6252-w451t4.png>, @original_filename="a99Ridg.png", @content_type="image/png", @headers="Content-Disposition: form-data; name=\"article[image]\"; filename=\"a99Ridg.png\"\r\nContent-Type: image/png\r\n">}, "commit"=>"Create Article"}
[paperclip] Trying to link /var/folders/sf/wpychm8n0bn891ym1wbp2k0c0000gn/T/RackMultipart20180409-6252-w451t4.png to /var/folders/sf/wpychm8n0bn891ym1wbp2k0c0000gn/T/4412d729a97ac43e9d2921cfbec0f27820180409-6252-kem36n.png
[paperclip] Trying to link /var/folders/sf/wpychm8n0bn891ym1wbp2k0c0000gn/T/4412d729a97ac43e9d2921cfbec0f27820180409-6252-kem36n.png to /var/folders/sf/wpychm8n0bn891ym1wbp2k0c0000gn/T/4412d729a97ac43e9d2921cfbec0f27820180409-6252-16mcnl3.png
Command :: file -b --mime '/var/folders/sf/wpychm8n0bn891ym1wbp2k0c0000gn/T/4412d729a97ac43e9d2921cfbec0f27820180409-6252-16mcnl3.png'
Command :: identify -format '%wx%h,%[exif:orientation]' '/var/folders/sf/wpychm8n0bn891ym1wbp2k0c0000gn/T/4412d729a97ac43e9d2921cfbec0f27820180409-6252-kem36n.png[0]' 2>/dev/null
Command :: identify -format %m '/var/folders/sf/wpychm8n0bn891ym1wbp2k0c0000gn/T/4412d729a97ac43e9d2921cfbec0f27820180409-6252-kem36n.png[0]'
Command :: convert '/var/folders/sf/wpychm8n0bn891ym1wbp2k0c0000gn/T/4412d729a97ac43e9d2921cfbec0f27820180409-6252-kem36n.png[0]' -auto-orient -resize "300x300>" '/var/folders/sf/wpychm8n0bn891ym1wbp2k0c0000gn/T/82bf3f469c8835ff3f9c9f064672123f20180409-6252-1ow5vrd'
[paperclip] Trying to link /var/folders/sf/wpychm8n0bn891ym1wbp2k0c0000gn/T/82bf3f469c8835ff3f9c9f064672123f20180409-6252-1ow5vrd to /var/folders/sf/wpychm8n0bn891ym1wbp2k0c0000gn/T/ef8d950e33a4bb996e5491ca8a0a294a20180409-6252-k0q9p1
Command :: identify -format '%wx%h,%[exif:orientation]' '/var/folders/sf/wpychm8n0bn891ym1wbp2k0c0000gn/T/4412d729a97ac43e9d2921cfbec0f27820180409-6252-kem36n.png[0]' 2>/dev/null
Command :: identify -format %m '/var/folders/sf/wpychm8n0bn891ym1wbp2k0c0000gn/T/4412d729a97ac43e9d2921cfbec0f27820180409-6252-kem36n.png[0]'
Command :: convert '/var/folders/sf/wpychm8n0bn891ym1wbp2k0c0000gn/T/4412d729a97ac43e9d2921cfbec0f27820180409-6252-kem36n.png[0]' -auto-orient -resize "100x100>" '/var/folders/sf/wpychm8n0bn891ym1wbp2k0c0000gn/T/82bf3f469c8835ff3f9c9f064672123f20180409-6252-1bx0e33'
[paperclip] Trying to link /var/folders/sf/wpychm8n0bn891ym1wbp2k0c0000gn/T/82bf3f469c8835ff3f9c9f064672123f20180409-6252-1bx0e33 to /var/folders/sf/wpychm8n0bn891ym1wbp2k0c0000gn/T/3afed503e1605ec598342d4f3d4afe0d20180409-6252-1alogok
  [1m[35m (0.0ms)[0m  [1m[36mbegin transaction[0m
[paperclip] Trying to link /var/folders/sf/wpychm8n0bn891ym1wbp2k0c0000gn/T/4412d729a97ac43e9d2921cfbec0f27820180409-6252-kem36n.png to /var/folders/sf/wpychm8n0bn891ym1wbp2k0c0000gn/T/4412d729a97ac43e9d2921cfbec0f27820180409-6252-vhva4d.png
Command :: file -b --mime '/var/folders/sf/wpychm8n0bn891ym1wbp2k0c0000gn/T/4412d729a97ac43e9d2921cfbec0f27820180409-6252-vhva4d.png'
[paperclip] Trying to link /var/folders/sf/wpychm8n0bn891ym1wbp2k0c0000gn/T/4412d729a97ac43e9d2921cfbec0f27820180409-6252-kem36n.png to /var/folders/sf/wpychm8n0bn891ym1wbp2k0c0000gn/T/4412d729a97ac43e9d2921cfbec0f27820180409-6252-12ed5lc.png
Command :: file -b --mime '/var/folders/sf/wpychm8n0bn891ym1wbp2k0c0000gn/T/4412d729a97ac43e9d2921cfbec0f27820180409-6252-12ed5lc.png'
  [1m[35mSQL (1.6ms)[0m  [1m[32mINSERT INTO "articles" ("title", "user", "tech", "descrtion", "resolution", "catagory", "created_at", "updated_at", "image_file_name", "image_content_type", "image_file_size", "image_updated_at") VALUES (?, ?, ?, ?, ?, ?, ?, ?, ?, ?, ?, ?)[0m  [["title", ""], ["user", ""], ["tech", ""], ["descrtion", ""], ["resolution", ""], ["catagory", ""], ["created_at", "2018-04-10 01:03:40.268783"], ["updated_at", "2018-04-10 01:03:40.268783"], ["image_file_name", "a99Ridg.png"], ["image_content_type", "image/png"], ["image_file_size", 3176082], ["image_updated_at", "2018-04-10 01:03:39.624864"]]
  [1m[35m (0.6ms)[0m  [1m[36mcommit transaction[0m
Redirected to http://127.0.0.1:3000/articles/1
Completed 302 Found in 660ms (ActiveRecord: 2.6ms)


Started GET "/articles/1" for 127.0.0.1 at 2018-04-09 18:03:40 -0700
Processing by ArticlesController#show as HTML
  Parameters: {"id"=>"1"}
  [1m[36mArticle Load (0.2ms)[0m  [1m[34mSELECT  "articles".* FROM "articles" WHERE "articles"."id" = ? LIMIT ?[0m  [["id", 1], ["LIMIT", 1]]
  Rendering articles/show.html.erb within layouts/application
  [1m[36mTag Load (0.7ms)[0m  [1m[34mSELECT "tags".* FROM "tags" INNER JOIN "taggings" ON "tags"."id" = "taggings"."tag_id" WHERE "taggings"."article_id" = ?[0m  [["article_id", 1]]
  [1m[36mComment Load (0.4ms)[0m  [1m[34mSELECT "comments".* FROM "comments" WHERE "comments"."article_id" = ?[0m  [["article_id", 1]]
  Rendered collection of articles/_comment.html.erb [0 times] (0.0ms)
  Rendered comments/_form.html.erb (3.5ms)
  Rendered articles/show.html.erb within layouts/application (28.6ms)
Completed 200 OK in 69ms (Views: 50.9ms | ActiveRecord: 2.5ms)


